<?xml version="1.0" encoding="UTF-8"?>
<!-- Generated by org.testng.reporters.JUnitXMLReporter -->
<testsuite ignored="0" hostname="LAPTOP-E1C5FRAO" failures="1" tests="6" name="FirefoxTest" time="12.775" errors="0" timestamp="2023-08-23T15:41:22 IST">
  <testcase classname="Tests.TestDetails" name="testactivity1" time="0.366"/>
  <testcase classname="Tests.TestDetails" name="testactivity2" time="0.815"/>
  <testcase classname="Tests.TestDetails" name="testactivity3" time="0.488"/>
  <testcase classname="Tests.TestDetails" name="testactivity4" time="5.044">
    <failure type="org.openqa.selenium.NoSuchElementException" message="Unable to find element with locator By.xpath: //*[@id=&amp;quot;wzrk-cancel&amp;quot;]
For documentation on this error, please visit: https://www.selenium.dev/documentation/webdriver/troubleshooting/errors#no-such-element-exception
Build info: version: &amp;apos;4.11.0&amp;apos;, revision: &amp;apos;040bc5406b&amp;apos;
System info: os.name: &amp;apos;Windows 11&amp;apos;, os.arch: &amp;apos;amd64&amp;apos;, os.version: &amp;apos;10.0&amp;apos;, java.version: &amp;apos;17.0.7&amp;apos;
Driver info: driver.version: RemoteWebDriver">
      <![CDATA[org.openqa.selenium.NoSuchElementException: Unable to find element with locator By.xpath: //*[@id="wzrk-cancel"]
For documentation on this error, please visit: https://www.selenium.dev/documentation/webdriver/troubleshooting/errors#no-such-element-exception
Build info: version: '4.11.0', revision: '040bc5406b'
System info: os.name: 'Windows 11', os.arch: 'amd64', os.version: '10.0', java.version: '17.0.7'
Driver info: driver.version: RemoteWebDriver
at org.openqa.selenium.remote.ElementLocation$ElementFinder$2.findElement(ElementLocation.java:168)
at org.openqa.selenium.remote.ElementLocation.findElement(ElementLocation.java:59)
at org.openqa.selenium.remote.RemoteWebDriver.findElement(RemoteWebDriver.java:355)
at org.openqa.selenium.remote.RemoteWebDriver.findElement(RemoteWebDriver.java:349)
at Pages.Activity4.entervalues(Activity4.java:26)
at Tests.TestDetails.testactivity4(TestDetails.java:60)
at java.base/java.util.ArrayList.forEach(ArrayList.java:1511)
... Removed 27 stack frames]]>
    </failure>
  </testcase> <!-- testactivity4 -->
  <testcase classname="Tests.TestDetails" name="testactivity5" time="0.0">
    <skipped/>
  </testcase> <!-- testactivity5 -->
  <testcase classname="Tests.TestDetails" name="testactivity6" time="0.0">
    <skipped/>
  </testcase> <!-- testactivity6 -->
</testsuite> <!-- FirefoxTest -->
